2017-04-01 21:17:06 34:af:2c:f9:17:62
2017-04-05 13:10:04 02:42:98:d3:da:24
2017-04-05 13:10:04 02:42:ac:11:00:02
2017-04-05 13:10:04 02:42:ac:11:00:03
2017-04-05 13:13:53 02:42:98:d3:da:24
2017-04-05 13:13:53 02:42:ac:11:00:02
2017-04-05 13:13:53 02:42:ac:11:00:03
2017-04-05 13:44:24 ec:22:80:1b:6a:9d
2017-04-05 13:44:24 08:10:77:93:9f:5d
2017-04-05 13:48:49 ec:22:80:1b:6a:9d
2017-04-05 13:48:49 08:10:77:93:9f:5d
2017-04-05 13:48:49 90:68:c3:f1:e6:39
2017-04-05 13:49:18 ec:22:80:1b:6a:9d
2017-04-05 13:49:18 08:10:77:93:9f:5d
2017-04-05 13:51:27 90:68:c3:f1:e6:39
2017-04-05 13:51:27 34:69:87:d8:80:68
2023-12-11 11:22:17 00:50:e8:0a:54:21
2023-12-11 11:39:40 00:50:e8:0a:54:21
2023-12-11 12:21:12 00:50:e8:0a:54:21
2023-12-11 13:56:31 34:98:b5:6c:9c:bc
2023-12-11 14:00:02 34:98:b5:6c:9c:bc
2023-12-11 14:00:31 34:98:b5:6c:9c:bc
2023-12-11 14:01:23 34:98:b5:6c:9c:bc
2023-12-11 14:03:24 00:50:e8:0a:54:21
2023-12-11 14:19:00 34:98:b5:6c:9c:bc
2023-12-11 15:11:56 34:98:b5:6c:9c:bc
2023-12-11 15:13:26 00:50:e8:0a:54:21
2023-12-11 15:17:37 00:50:e8:0a:54:21
2023-12-11 15:19:37 34:98:b5:6c:9c:bc
2023-12-11 15:22:20 34:98:b5:6c:9c:bc
2023-12-11 15:26:07 00:50:e8:0a:54:21
2023-12-11 15:29:45 00:50:e8:0a:54:21
2023-12-11 15:43:52 34:98:b5:6c:9c:bc
2023-12-11 15:45:02 00:50:e8:0a:54:21
2023-12-11 15:48:46 00:50:e8:0a:54:21
